no main manifest attribute, in build/libs/wallet-0.1.0.jar

  .   ____          _            __ _ _
 /\\ / ___'_ __ _ _(_)_ __  __ _ \ \ \ \
( ( )\___ | '_ | '_| | '_ \/ _` | \ \ \ \
 \\/  ___)| |_)| | | | | || (_| |  ) ) ) )
  '  |____| .__|_| |_|_| |_\__, | / / / /
 =========|_|==============|___/=/_/_/_/
 :: Spring Boot ::        (v1.1.6.RELEASE)

2014-10-02 00:05:53.305  INFO 7304 --- [           main] Home$                                    : Starting Home. on ip-172-31-1-29 with PID 7304 (/home/ubuntu/assignment1/cmpe273submission/cmpe273-assignment1/build/libs/wallet-0.1.0.jar started by ubuntu in /home/ubuntu/assignment1/cmpe273submission/cmpe273-assignment1)
2014-10-02 00:05:53.395  INFO 7304 --- [           main] ationConfigEmbeddedWebApplicationContext : Refreshing org.springframework.boot.context.embedded.AnnotationConfigEmbeddedWebApplicationContext@4dd73938: startup date [Thu Oct 02 00:05:53 UTC 2014]; root of context hierarchy
2014-10-02 00:05:55.004  INFO 7304 --- [           main] o.s.b.f.s.DefaultListableBeanFactory     : Overriding bean definition for bean 'beanNameViewResolver': replacing [Root bean: class [null]; scope=; abstract=false; lazyInit=false; autowireMode=3; dependencyCheck=0; autowireCandidate=true; primary=false; factoryBeanName=org.springframework.boot.autoconfigure.web.ErrorMvcAutoConfiguration$WhitelabelErrorViewConfiguration; factoryMethodName=beanNameViewResolver; initMethodName=null; destroyMethodName=(inferred); defined in class path resource [org/springframework/boot/autoconfigure/web/ErrorMvcAutoConfiguration$WhitelabelErrorViewConfiguration.class]] with [Root bean: class [null]; scope=; abstract=false; lazyInit=false; autowireMode=3; dependencyCheck=0; autowireCandidate=true; primary=false; factoryBeanName=org.springframework.boot.autoconfigure.web.WebMvcAutoConfiguration$WebMvcAutoConfigurationAdapter; factoryMethodName=beanNameViewResolver; initMethodName=null; destroyMethodName=(inferred); defined in class path resource [org/springframework/boot/autoconfigure/web/WebMvcAutoConfiguration$WebMvcAutoConfigurationAdapter.class]]
2014-10-02 00:05:56.668  INFO 7304 --- [           main] .t.TomcatEmbeddedServletContainerFactory : Server initialized with port: 8080
2014-10-02 00:05:57.175  INFO 7304 --- [           main] o.apache.catalina.core.StandardService   : Starting service Tomcat
2014-10-02 00:05:57.176  INFO 7304 --- [           main] org.apache.catalina.core.StandardEngine  : Starting Servlet Engine: Apache Tomcat/7.0.55
2014-10-02 00:05:57.300  INFO 7304 --- [ost-startStop-1] o.a.c.c.C.[Tomcat].[localhost].[/]       : Initializing Spring embedded WebApplicationContext
2014-10-02 00:05:57.300  INFO 7304 --- [ost-startStop-1] o.s.web.context.ContextLoader            : Root WebApplicationContext: initialization completed in 3908 ms
2014-10-02 00:05:58.458  INFO 7304 --- [ost-startStop-1] o.s.b.c.e.ServletRegistrationBean        : Mapping servlet: 'dispatcherServlet' to [/]
2014-10-02 00:05:58.460  INFO 7304 --- [ost-startStop-1] o.s.b.c.embedded.FilterRegistrationBean  : Mapping filter: 'hiddenHttpMethodFilter' to: [/*]
2014-10-02 00:05:59.279  INFO 7304 --- [           main] o.s.w.s.handler.SimpleUrlHandlerMapping  : Mapped URL path [/**/favicon.ico] onto handler of type [class org.springframework.web.servlet.resource.ResourceHttpRequestHandler]
2014-10-02 00:05:59.480  INFO 7304 --- [           main] s.w.s.m.m.a.RequestMappingHandlerMapping : Mapped "{[/api/v1/users],methods=[POST],params=[],headers=[],consumes=[application/json],produces=[application/json],custom=[]}" onto public org.springframework.http.ResponseEntity<java.util.Map<java.lang.String, java.lang.String>> Home.createNewUser(User,org.springframework.validation.BindingResult)
2014-10-02 00:05:59.480  INFO 7304 --- [           main] s.w.s.m.m.a.RequestMappingHandlerMapping : Mapped "{[/api/v1/users/{userId}],methods=[GET],params=[],headers=[],consumes=[application/json],produces=[application/json],custom=[]}" onto public org.springframework.http.ResponseEntity<java.util.Map<java.lang.String, java.lang.String>> Home.getUserDetails(int,java.lang.String,java.lang.String)
2014-10-02 00:05:59.480  INFO 7304 --- [           main] s.w.s.m.m.a.RequestMappingHandlerMapping : Mapped "{[/api/v1/users/{userId}],methods=[PUT],params=[],headers=[],consumes=[application/json],produces=[application/json],custom=[]}" onto public org.springframework.http.ResponseEntity<java.util.Map<java.lang.String, java.lang.String>> Home.updateUserDetails(int,java.util.Map<java.lang.String, java.lang.String>,java.lang.String,java.lang.String)
2014-10-02 00:05:59.481  INFO 7304 --- [           main] s.w.s.m.m.a.RequestMappingHandlerMapping : Mapped "{[/api/v1/users/{userId}/idcards],methods=[POST],params=[],headers=[],consumes=[application/json],produces=[application/json],custom=[]}" onto public org.springframework.http.ResponseEntity<java.util.Map<java.lang.String, java.lang.String>> Home.createIcard(int,IDCard,org.springframework.validation.BindingResult)
2014-10-02 00:05:59.481  INFO 7304 --- [           main] s.w.s.m.m.a.RequestMappingHandlerMapping : Mapped "{[/api/v1/users/{userId}/idcards],methods=[GET],params=[],headers=[],consumes=[application/json],produces=[application/json],custom=[]}" onto public java.util.List<IDCard> Home.getIcard(int)
2014-10-02 00:05:59.481  INFO 7304 --- [           main] s.w.s.m.m.a.RequestMappingHandlerMapping : Mapped "{[/api/v1/users/{userId}/idcards/{cardId}],methods=[DELETE],params=[],headers=[],consumes=[application/json],produces=[application/json],custom=[]}" onto public void Home.deleteIcard(int,int)
2014-10-02 00:05:59.481  INFO 7304 --- [           main] s.w.s.m.m.a.RequestMappingHandlerMapping : Mapped "{[/api/v1/users/{userId}/weblogins],methods=[POST],params=[],headers=[],consumes=[application/json],produces=[application/json],custom=[]}" onto public org.springframework.http.ResponseEntity<java.util.Map<java.lang.String, java.lang.String>> Home.createWebLogin(int,WebLogin,org.springframework.validation.BindingResult)
2014-10-02 00:05:59.481  INFO 7304 --- [           main] s.w.s.m.m.a.RequestMappingHandlerMapping : Mapped "{[/api/v1/users/{userId}/weblogins],methods=[GET],params=[],headers=[],consumes=[application/json],produces=[application/json],custom=[]}" onto public java.util.List<WebLogin> Home.getWebLogin(int)
2014-10-02 00:05:59.482  INFO 7304 --- [           main] s.w.s.m.m.a.RequestMappingHandlerMapping : Mapped "{[/api/v1/users/{userId}/weblogins/{webLoginId}],methods=[DELETE],params=[],headers=[],consumes=[application/json],produces=[application/json],custom=[]}" onto public void Home.deleteWebLogin(int,int)
2014-10-02 00:05:59.482  INFO 7304 --- [           main] s.w.s.m.m.a.RequestMappingHandlerMapping : Mapped "{[/api/v1/users/{userId}/bankaccounts],methods=[POST],params=[],headers=[],consumes=[application/json],produces=[application/json],custom=[]}" onto public org.springframework.http.ResponseEntity<java.util.Map<java.lang.String, java.lang.String>> Home.createBankAccount(int,BankAccount,org.springframework.validation.BindingResult)
2014-10-02 00:05:59.482  INFO 7304 --- [           main] s.w.s.m.m.a.RequestMappingHandlerMapping : Mapped "{[/api/v1/users/{userId}/bankaccounts],methods=[GET],params=[],headers=[],consumes=[application/json],produces=[application/json],custom=[]}" onto public java.util.List<BankAccount> Home.getBankAccount(int)
2014-10-02 00:05:59.482  INFO 7304 --- [           main] s.w.s.m.m.a.RequestMappingHandlerMapping : Mapped "{[/api/v1/users/{userId}/bankaccounts/{ba_id}],methods=[DELETE],params=[],headers=[],consumes=[application/json],produces=[application/json],custom=[]}" onto public void Home.deleteBankAccount(int,int)
2014-10-02 00:05:59.489  INFO 7304 --- [           main] s.w.s.m.m.a.RequestMappingHandlerMapping : Mapped "{[/error],methods=[],params=[],headers=[],consumes=[],produces=[text/html],custom=[]}" onto public org.springframework.web.servlet.ModelAndView org.springframework.boot.autoconfigure.web.BasicErrorController.errorHtml(javax.servlet.http.HttpServletRequest)
2014-10-02 00:05:59.489  INFO 7304 --- [           main] s.w.s.m.m.a.RequestMappingHandlerMapping : Mapped "{[/error],methods=[],params=[],headers=[],consumes=[],produces=[],custom=[]}" onto public org.springframework.http.ResponseEntity<java.util.Map<java.lang.String, java.lang.Object>> org.springframework.boot.autoconfigure.web.BasicErrorController.error(javax.servlet.http.HttpServletRequest)
2014-10-02 00:05:59.544  INFO 7304 --- [           main] o.s.w.s.handler.SimpleUrlHandlerMapping  : Mapped URL path [/**] onto handler of type [class org.springframework.web.servlet.resource.ResourceHttpRequestHandler]
2014-10-02 00:05:59.544  INFO 7304 --- [           main] o.s.w.s.handler.SimpleUrlHandlerMapping  : Mapped URL path [/webjars/**] onto handler of type [class org.springframework.web.servlet.resource.ResourceHttpRequestHandler]
2014-10-02 00:06:00.059  INFO 7304 --- [           main] o.s.j.e.a.AnnotationMBeanExporter        : Registering beans for JMX exposure on startup
2014-10-02 00:06:00.260  INFO 7304 --- [           main] s.b.c.e.t.TomcatEmbeddedServletContainer : Tomcat started on port(s): 8080/http
2014-10-02 00:06:00.261  INFO 7304 --- [           main] Home$                                    : Started Home. in 8.096 seconds (JVM running for 9.038)
2014-10-02 00:06:02.159  INFO 7304 --- [nio-8080-exec-1] o.a.c.c.C.[Tomcat].[localhost].[/]       : Initializing Spring FrameworkServlet 'dispatcherServlet'
2014-10-02 00:06:02.166  INFO 7304 --- [nio-8080-exec-1] o.s.web.servlet.DispatcherServlet        : FrameworkServlet 'dispatcherServlet': initialization started
2014-10-02 00:06:02.184  INFO 7304 --- [nio-8080-exec-1] o.s.web.servlet.DispatcherServlet        : FrameworkServlet 'dispatcherServlet': initialization completed in 18 ms
